<?xml version="1.0" encoding="UTF-8"?>
<!-- Generated by org.testng.reporters.JUnitXMLReporter -->
<testsuite ignored="0" hostname="sa" failures="0" tests="4" name="Default test" time="11.266" errors="0" timestamp="2021-06-05T17:28:22 IST">
  <testcase classname="com.Excel.DpRegExcel" name="registerTest" time="2.987"/>
  <testcase classname="com.Excel.DpRegExcel" name="registerTest" time="2.664"/>
  <testcase classname="com.Excel.DpRegExcel" name="registerTest" time="2.632"/>
  <testcase classname="com.Excel.DpRegExcel" name="registerTest" time="2.642"/>
</testsuite> <!-- Default test -->
