<?xml version="1.0" encoding="UTF-8"?>
<!-- Generated by org.testng.reporters.JUnitXMLReporter -->
<testsuite ignored="0" hostname="sa" failures="0" tests="4" name="Test" time="0.082" errors="0" timestamp="2021-05-04T19:53:26 IST">
  <testcase classname="testNG.TestingExample" name="Test_one" time="0.011"/>
  <testcase classname="testNG.TestingExample" name="Test_two" time="0.002"/>
  <testcase classname="testNG.TestingExample1" name="Test_three" time="0.003"/>
  <testcase classname="testNG.TestingExample1" name="Test_four" time="0.003"/>
</testsuite> <!-- Test -->
