<?xml version="1.0" encoding="UTF-8"?>
<testng-results ignored="0" total="4" passed="4" failed="0" skipped="0">
  <reporter-output>
  </reporter-output>
  <suite started-at="2021-06-05T17:28:11 IST" name="Default suite" finished-at="2021-06-05T17:28:22 IST" duration-ms="11266">
    <groups>
    </groups>
    <test started-at="2021-06-05T17:28:11 IST" name="Default test" finished-at="2021-06-05T17:28:22 IST" duration-ms="11266">
      <class name="com.Excel.DpRegExcel">
        <test-method is-config="true" signature="setUp()[pri:0, instance:com.Excel.DpRegExcel@e15b7e8]" started-at="2021-06-05T17:28:06 IST" name="setUp" finished-at="2021-06-05T17:28:11 IST" duration-ms="4890" status="PASS">
          <reporter-output>
          </reporter-output>
        </test-method> <!-- setUp -->
        <test-method signature="registerTest(java.lang.String, java.lang.String, java.lang.String, java.lang.String)[pri:0, instance:com.Excel.DpRegExcel@e15b7e8]" started-at="2021-06-05T17:28:11 IST" name="registerTest" data-provider="dp" finished-at="2021-06-05T17:28:14 IST" duration-ms="2987" status="PASS">
          <params>
            <param index="0">
              <value>
                <![CDATA[Kiran]]>
              </value>
            </param>
            <param index="1">
              <value>
                <![CDATA[1234567890]]>
              </value>
            </param>
            <param index="2">
              <value>
                <![CDATA[kiran@gmail.com]]>
              </value>
            </param>
            <param index="3">
              <value>
                <![CDATA[123456]]>
              </value>
            </param>
          </params>
          <reporter-output>
          </reporter-output>
        </test-method> <!-- registerTest -->
        <test-method signature="registerTest(java.lang.String, java.lang.String, java.lang.String, java.lang.String)[pri:0, instance:com.Excel.DpRegExcel@e15b7e8]" started-at="2021-06-05T17:28:14 IST" name="registerTest" data-provider="dp" finished-at="2021-06-05T17:28:17 IST" duration-ms="2664" status="PASS">
          <params>
            <param index="0">
              <value>
                <![CDATA[Mayuri]]>
              </value>
            </param>
            <param index="1">
              <value>
                <![CDATA[5647644328]]>
              </value>
            </param>
            <param index="2">
              <value>
                <![CDATA[mayuri@gmail.com]]>
              </value>
            </param>
            <param index="3">
              <value>
                <![CDATA[654321]]>
              </value>
            </param>
          </params>
          <reporter-output>
          </reporter-output>
        </test-method> <!-- registerTest -->
        <test-method signature="registerTest(java.lang.String, java.lang.String, java.lang.String, java.lang.String)[pri:0, instance:com.Excel.DpRegExcel@e15b7e8]" started-at="2021-06-05T17:28:17 IST" name="registerTest" data-provider="dp" finished-at="2021-06-05T17:28:20 IST" duration-ms="2632" status="PASS">
          <params>
            <param index="0">
              <value>
                <![CDATA[Mangesh]]>
              </value>
            </param>
            <param index="1">
              <value>
                <![CDATA[8936476573]]>
              </value>
            </param>
            <param index="2">
              <value>
                <![CDATA[mangesh@gmail.com]]>
              </value>
            </param>
            <param index="3">
              <value>
                <![CDATA[hdghd]]>
              </value>
            </param>
          </params>
          <reporter-output>
          </reporter-output>
        </test-method> <!-- registerTest -->
        <test-method signature="registerTest(java.lang.String, java.lang.String, java.lang.String, java.lang.String)[pri:0, instance:com.Excel.DpRegExcel@e15b7e8]" started-at="2021-06-05T17:28:20 IST" name="registerTest" data-provider="dp" finished-at="2021-06-05T17:28:22 IST" duration-ms="2642" status="PASS">
          <params>
            <param index="0">
              <value>
                <![CDATA[Mrunali]]>
              </value>
            </param>
            <param index="1">
              <value>
                <![CDATA[9874663378]]>
              </value>
            </param>
            <param index="2">
              <value>
                <![CDATA[mrunali@gmail.com]]>
              </value>
            </param>
            <param index="3">
              <value>
                <![CDATA[hfgdsf]]>
              </value>
            </param>
          </params>
          <reporter-output>
          </reporter-output>
        </test-method> <!-- registerTest -->
        <test-method is-config="true" signature="tearDown()[pri:0, instance:com.Excel.DpRegExcel@e15b7e8]" started-at="2021-06-05T17:28:22 IST" name="tearDown" finished-at="2021-06-05T17:28:23 IST" duration-ms="83" status="PASS">
          <reporter-output>
          </reporter-output>
        </test-method> <!-- tearDown -->
      </class> <!-- com.Excel.DpRegExcel -->
    </test> <!-- Default test -->
  </suite> <!-- Default suite -->
</testng-results>
